2025-01-15 18:52:34,040 INFO c.g.p.PrimeiroprojetospringbatchApplication [main] Starting PrimeiroprojetospringbatchApplication using Java 17.0.10 with PID 11280 (C:\Users\Gustavo\Documents\workspace\curso-jobs-spring-batch\primeiroprojetospringbatch\target\classes started by Gustavo in C:\Users\Gustavo\Documents\workspace\curso-jobs-spring-batch\primeiroprojetospringbatch)
2025-01-15 18:52:34,047 INFO c.g.p.PrimeiroprojetospringbatchApplication [main] No active profile set, falling back to 1 default profile: "default"
2025-01-15 18:52:43,186 INFO o.s.c.a.ConfigurationClassEnhancer [main] @Bean method PropsConfig.config is non-static and returns an object assignable to Spring's BeanFactoryPostProcessor interface. This will result in a failure to process annotations such as @Autowired, @Resource and @PostConstruct within the method's declaring @Configuration class. Add the 'static' modifier to this method to avoid these container lifecycle issues; see @Bean javadoc for complete details.
2025-01-15 18:52:44,946 INFO c.z.h.HikariDataSource [main] HikariPool-1 - Starting...
2025-01-15 18:52:49,725 INFO c.z.h.p.HikariPool [main] HikariPool-1 - Added connection com.mysql.cj.jdbc.ConnectionImpl@dd4aec3
2025-01-15 18:52:49,729 INFO c.z.h.HikariDataSource [main] HikariPool-1 - Start completed.
2025-01-15 18:52:52,499 INFO c.g.p.PrimeiroprojetospringbatchApplication [main] Started PrimeiroprojetospringbatchApplication in 59.782 seconds (process running for 161.488)
2025-01-15 18:52:53,966 INFO o.s.b.c.l.s.TaskExecutorJobLauncher [main] Job: [SimpleJob: [name=imprimeOlaJob]] launched with the following parameters: [{'nome':'{value=Gu, type=class java.lang.String, identifying=true}','run.id':'{value=9, type=class java.lang.Long, identifying=true}','arquivoClientes':'{value=file:files/clientes.txt, type=class java.lang.String, identifying=true}'}]
2025-01-15 18:52:55,903 INFO o.s.b.c.j.SimpleStepHandler [main] Executing step: [imprimeOlaStep]
2025-01-15 18:52:56,913 INFO o.s.b.c.s.AbstractStep [main] Step: [imprimeOlaStep] executed in 1s6ms
2025-01-15 18:52:57,397 INFO o.s.b.c.l.s.TaskExecutorJobLauncher [main] Job: [SimpleJob: [name=imprimeOlaJob]] completed with the following parameters: [{'nome':'{value=Gu, type=class java.lang.String, identifying=true}','run.id':'{value=9, type=class java.lang.Long, identifying=true}','arquivoClientes':'{value=file:files/clientes.txt, type=class java.lang.String, identifying=true}'}] and the following status: [COMPLETED] in 3s151ms
2025-01-15 18:52:57,464 INFO c.z.h.HikariDataSource [SpringApplicationShutdownHook] HikariPool-1 - Shutdown initiated...
2025-01-15 18:52:57,541 INFO c.z.h.HikariDataSource [SpringApplicationShutdownHook] HikariPool-1 - Shutdown completed.
2025-01-15 18:54:22,709 INFO c.g.p.PrimeiroprojetospringbatchApplication [main] Starting PrimeiroprojetospringbatchApplication using Java 17.0.10 with PID 11972 (C:\Users\Gustavo\Documents\workspace\curso-jobs-spring-batch\primeiroprojetospringbatch\target\classes started by Gustavo in C:\Users\Gustavo\Documents\workspace\curso-jobs-spring-batch\primeiroprojetospringbatch)
2025-01-15 18:54:22,715 INFO c.g.p.PrimeiroprojetospringbatchApplication [main] No active profile set, falling back to 1 default profile: "default"
2025-01-15 18:54:24,660 INFO o.s.c.a.ConfigurationClassEnhancer [main] @Bean method PropsConfig.config is non-static and returns an object assignable to Spring's BeanFactoryPostProcessor interface. This will result in a failure to process annotations such as @Autowired, @Resource and @PostConstruct within the method's declaring @Configuration class. Add the 'static' modifier to this method to avoid these container lifecycle issues; see @Bean javadoc for complete details.
2025-01-15 18:54:24,946 INFO c.z.h.HikariDataSource [main] HikariPool-1 - Starting...
2025-01-15 18:54:25,932 INFO c.z.h.p.HikariPool [main] HikariPool-1 - Added connection com.mysql.cj.jdbc.ConnectionImpl@781711b7
2025-01-15 18:54:25,938 INFO c.z.h.HikariDataSource [main] HikariPool-1 - Start completed.
2025-01-15 18:54:27,626 INFO c.g.p.PrimeiroprojetospringbatchApplication [main] Started PrimeiroprojetospringbatchApplication in 6.236 seconds (process running for 8.789)
2025-01-15 18:54:28,880 INFO o.s.b.c.l.s.TaskExecutorJobLauncher [main] Job: [SimpleJob: [name=imprimeOlaJob]] launched with the following parameters: [{'nome':'{value=Gu, type=class java.lang.String, identifying=true}','run.id':'{value=10, type=class java.lang.Long, identifying=true}','arquivoClientes':'{value=file:files/clientes.txt, type=class java.lang.String, identifying=true}'}]
2025-01-15 18:54:30,698 INFO o.s.b.c.j.SimpleStepHandler [main] Executing step: [imprimeOlaStep]
2025-01-15 18:54:32,173 INFO o.s.b.c.s.AbstractStep [main] Step: [imprimeOlaStep] executed in 1s472ms
2025-01-15 18:54:33,326 INFO o.s.b.c.l.s.TaskExecutorJobLauncher [main] Job: [SimpleJob: [name=imprimeOlaJob]] completed with the following parameters: [{'nome':'{value=Gu, type=class java.lang.String, identifying=true}','run.id':'{value=10, type=class java.lang.Long, identifying=true}','arquivoClientes':'{value=file:files/clientes.txt, type=class java.lang.String, identifying=true}'}] and the following status: [COMPLETED] in 3s968ms
2025-01-15 18:54:33,340 INFO c.z.h.HikariDataSource [SpringApplicationShutdownHook] HikariPool-1 - Shutdown initiated...
2025-01-15 18:54:33,456 INFO c.z.h.HikariDataSource [SpringApplicationShutdownHook] HikariPool-1 - Shutdown completed.
